<?xml version="1.0" encoding="UTF-8"?>
<testsuite name="tests.Tests.Tests" tests="4" skipped="0" failures="0" errors="0" timestamp="2023-02-06T09:41:22" hostname="DESKTOP-FDNSCMS" time="31.239">
  <properties/>
  <testcase name="Check that DOB of patient displays on the patients case page for NURSE role" classname="tests.Tests.Tests" time="8.102"/>
  <testcase name="Check that DOB of patient displays on the patients case page for CARE_COORDINATOR role" classname="tests.Tests.Tests" time="7.23"/>
  <testcase name="Check that DOB of patient displays on the patients case page for ADMIN role" classname="tests.Tests.Tests" time="7.907"/>
  <testcase name="Check that DOB of patient displays on the patients case page for DEVELOPER role" classname="tests.Tests.Tests" time="7.982"/>
  <system-out><![CDATA[]]></system-out>
  <system-err><![CDATA[[Test worker] INFO com.codeborne.selenide.impl.WebDriverThreadLocalContainer - No webdriver is bound to current thread: 1 - let's create a new webdriver
[Test worker] INFO com.codeborne.selenide.webdriver.WebDriverFactory - BrowserName=chrome Version=109.0.5414.74 Platform=LINUX
[Test worker] INFO com.codeborne.selenide.webdriver.WebDriverFactory - Selenide v. 6.11.0
[Test worker] INFO com.codeborne.selenide.webdriver.WebDriverFactory - Selenium WebDriver v. 4.7.2 build revision: 4d4020c3b7
[Test worker] INFO com.codeborne.selenide.drivercommands.CreateDriverCommand - Created webdriver in thread 1: RemoteWebDriver -> RemoteWebDriver: chrome on LINUX (44d0452e9ae5e9cf30513f46e99bbe3f)
[Test worker] INFO com.codeborne.selenide.drivercommands.DisposablesRegistry - Register WebDriverInstance[config=StaticConfig,webDriver=RemoteWebDriver: chrome on LINUX (44d0452e9ae5e9cf30513f46e99bbe3f),proxy=null,downloadsFolder=null] in 1 [size=1]
[Test worker] INFO com.codeborne.selenide.drivercommands.DisposablesRegistry - Add shutdown hook in 1 [size=1]
]]></system-err>
</testsuite>
